[07Jan2024 00:06:04.689] [Server thread/INFO] [com.oitsjustjose.vtweaks.VTweaks/]: Pet is tamed to null
[07Jan2024 00:06:04.933] [Server thread/INFO] [com.oitsjustjose.vtweaks.VTweaks/]: Pet is tamed to null
[07Jan2024 00:06:05.239] [Server thread/INFO] [com.oitsjustjose.vtweaks.VTweaks/]: Pet is tamed to null
[07Jan2024 00:06:05.540] [Server thread/INFO] [com.oitsjustjose.vtweaks.VTweaks/]: Pet is tamed to null
[07Jan2024 00:06:05.792] [Server thread/INFO] [com.oitsjustjose.vtweaks.VTweaks/]: Pet is tamed to null
[07Jan2024 00:06:06.281] [Server thread/INFO] [com.oitsjustjose.vtweaks.VTweaks/]: Pet is tamed to null
[07Jan2024 00:06:07.043] [Server thread/INFO] [com.oitsjustjose.vtweaks.VTweaks/]: Pet is tamed to null
[07Jan2024 00:06:07.289] [Server thread/INFO] [com.oitsjustjose.vtweaks.VTweaks/]: Pet is tamed to null
[07Jan2024 00:15:45.756] [Server thread/INFO] [harmonised.pmmo.network.MessageLevelUp/]: ShounenSaruman has reached level 12 in mining! [minecraft:overworld|x:-283.76|y:46.00|z:96.91]
[07Jan2024 00:16:57.353] [Server thread/INFO] [harmonised.pmmo.network.MessageLevelUp/]: ShounenSaruman has reached level 13 in mining! [minecraft:overworld|x:-265.26|y:21.00|z:135.92]
[07Jan2024 00:16:59.851] [Server thread/INFO] [harmonised.pmmo.network.MessageLevelUp/]: ElSlayeRino has reached level 8 in endurance! [minecraft:overworld|x:-306.30|y:64.00|z:116.32]
[07Jan2024 00:17:37.734] [Server thread/INFO] [harmonised.pmmo.network.MessageLevelUp/]: ShounenSaruman has reached level 14 in mining! [minecraft:overworld|x:-263.30|y:15.00|z:146.63]
[07Jan2024 00:18:24.552] [Server thread/INFO] [harmonised.pmmo.network.MessageLevelUp/]: ShounenSaruman has reached level 15 in mining! [minecraft:overworld|x:-315.70|y:14.00|z:157.29]
[07Jan2024 00:19:18.083] [Server thread/INFO] [net.minecraft.server.dedicated.DedicatedServer/]: ElSlayeRino was slain by Zombie
[07Jan2024 00:19:25.995] [Server thread/INFO] [harmonised.pmmo.network.MessageLevelUp/]: ShounenSaruman has reached level 16 in mining! [minecraft:overworld|x:-319.17|y:17.78|z:144.35]
[07Jan2024 00:19:46.980] [Server thread/INFO] [net.minecraft.network.play.ServerPlayNetHandler/]: ShounenSaruman lost connection: Disconnected
[07Jan2024 00:19:46.981] [Server thread/INFO] [net.minecraft.server.dedicated.DedicatedServer/]: ShounenSaruman left the game
[07Jan2024 00:20:30.177] [Netty Server IO #6/WARN] [com.connectivity.Connectivity/]: Login payload for Registry minecraft:item is using 40.9521% of max allowed vanilla size
[07Jan2024 00:20:30.180] [Netty Server IO #6/WARN] [com.connectivity.Connectivity/]: Login payload for Registry minecraft:block is using 31.3046% of max allowed vanilla size
[07Jan2024 00:20:30.980] [User Authenticator #15/INFO] [net.minecraft.network.login.ServerLoginNetHandler/]: UUID of player TheBraveAstora is e6859fb2-cc35-4984-8d44-e46947903a83
[07Jan2024 00:20:35.158] [Server thread/INFO] [net.minecraftforge.common.AdvancementLoadFix/]: Using new advancement loading for net.minecraft.advancements.PlayerAdvancements@25b66e60
[07Jan2024 00:20:35.175] [Server thread/INFO] [net.minecraft.server.management.PlayerList/]: TheBraveAstora[/119.56.68.97:57527] logged in with entity id 32352 at (-300.30000001192093, 65.0, 118.30000001192093)
[07Jan2024 00:20:35.179] [Server thread/INFO] [net.minecraft.server.dedicated.DedicatedServer/]: TheBraveAstora joined the game
[07Jan2024 00:20:35.213] [Server thread/INFO] [se.mickelus.tetra.data.DataManager/]: Sending data to client: TheBraveAstora
[07Jan2024 00:20:35.224] [Server thread/INFO] [Waila/]: Syncing config to TheBraveAstora (e6859fb2-cc35-4984-8d44-e46947903a83)
[07Jan2024 00:21:48.565] [Server thread/INFO] [net.minecraft.server.dedicated.DedicatedServer/]: TheBraveAstora has made the advancement [Acquire Hardware]
[07Jan2024 00:22:21.730] [Server thread/INFO] [net.minecraft.network.play.ServerPlayNetHandler/]: TheBraveAstora lost connection: Disconnected
[07Jan2024 00:22:21.731] [Server thread/INFO] [net.minecraft.server.dedicated.DedicatedServer/]: TheBraveAstora left the game
[07Jan2024 00:23:17.182] [Server thread/INFO] [net.minecraft.network.play.ServerPlayNetHandler/]: ElSlayeRino lost connection: Disconnected
[07Jan2024 00:23:17.182] [Server thread/INFO] [net.minecraft.server.dedicated.DedicatedServer/]: ElSlayeRino left the game
[07Jan2024 00:42:21.924] [Server thread/INFO] [net.minecraft.server.dedicated.DedicatedServer/]: Stopping the server
[07Jan2024 00:42:21.979] [Server thread/INFO] [ModernFix/]: Shutting down locating executor service
[07Jan2024 00:42:21.980] [Server thread/INFO] [VFP/]: Stopping DS...
[07Jan2024 00:42:21.980] [Server thread/INFO] [stormedpanda.simplyjetpacks.SimplyJetpacks/]: Server stopping...
[07Jan2024 00:42:21.982] [Server thread/INFO] [net.minecraft.server.MinecraftServer/]: Stopping server
[07Jan2024 00:42:21.983] [Server thread/INFO] [net.minecraft.server.MinecraftServer/]: Saving players
[07Jan2024 00:42:21.983] [Server thread/INFO] [net.minecraft.server.MinecraftServer/]: Saving worlds
[07Jan2024 00:42:21.983] [Server thread/INFO] [net.minecraft.server.MinecraftServer/]: Saving chunks for level 'ServerLevel[world]'/minecraft:overworld
[07Jan2024 00:42:22.169] [Server thread/INFO] [net.minecraft.world.server.ChunkManager/]: ThreadedAnvilChunkStorage (world): All chunks are saved
[07Jan2024 00:42:22.169] [Server thread/INFO] [net.minecraft.server.MinecraftServer/]: Saving chunks for level 'ServerLevel[world]'/minecraft:the_nether
[07Jan2024 00:42:22.173] [Server thread/INFO] [net.minecraft.world.server.ChunkManager/]: ThreadedAnvilChunkStorage (DIM-1): All chunks are saved
[07Jan2024 00:42:22.173] [Server thread/INFO] [net.minecraft.server.MinecraftServer/]: Saving chunks for level 'ServerLevel[world]'/minecraft:the_end
[07Jan2024 00:42:22.174] [Server thread/INFO] [net.minecraft.world.server.ChunkManager/]: ThreadedAnvilChunkStorage (DIM1): All chunks are saved
[07Jan2024 00:42:22.174] [Server thread/INFO] [net.minecraft.server.MinecraftServer/]: Saving chunks for level 'ServerLevel[world]'/tardis:moon
[07Jan2024 00:42:22.176] [Server thread/INFO] [net.minecraft.world.server.ChunkManager/]: ThreadedAnvilChunkStorage (moon): All chunks are saved
[07Jan2024 00:42:22.176] [Server thread/INFO] [net.minecraft.server.MinecraftServer/]: Saving chunks for level 'ServerLevel[world]'/mining_dimension:mining
[07Jan2024 00:42:22.178] [Server thread/INFO] [net.minecraft.world.server.ChunkManager/]: ThreadedAnvilChunkStorage (mining): All chunks are saved
[07Jan2024 00:42:22.178] [Server thread/INFO] [net.minecraft.server.MinecraftServer/]: Saving chunks for level 'ServerLevel[world]'/tardis:space
[07Jan2024 00:42:22.180] [Server thread/INFO] [net.minecraft.world.server.ChunkManager/]: ThreadedAnvilChunkStorage (space): All chunks are saved
[07Jan2024 00:42:22.181] [Server thread/INFO] [net.minecraft.server.MinecraftServer/]: Saving chunks for level 'ServerLevel[world]'/tardis:vortex
[07Jan2024 00:42:22.182] [Server thread/INFO] [net.minecraft.world.server.ChunkManager/]: ThreadedAnvilChunkStorage (vortex): All chunks are saved
[07Jan2024 00:42:22.262] [Server thread/INFO] [net.minecraft.world.server.ChunkManager/]: ThreadedAnvilChunkStorage (world): All chunks are saved
[07Jan2024 00:42:22.277] [Server thread/INFO] [net.minecraft.world.server.ChunkManager/]: ThreadedAnvilChunkStorage (DIM-1): All chunks are saved
[07Jan2024 00:42:22.282] [Server thread/INFO] [net.minecraft.world.server.ChunkManager/]: ThreadedAnvilChunkStorage (DIM1): All chunks are saved
[07Jan2024 00:42:22.282] [Server thread/INFO] [net.minecraft.world.server.ChunkManager/]: ThreadedAnvilChunkStorage (moon): All chunks are saved
[07Jan2024 00:42:22.282] [Server thread/INFO] [net.minecraft.world.server.ChunkManager/]: ThreadedAnvilChunkStorage (mining): All chunks are saved
[07Jan2024 00:42:22.283] [Server thread/INFO] [net.minecraft.world.server.ChunkManager/]: ThreadedAnvilChunkStorage (space): All chunks are saved
[07Jan2024 00:42:22.283] [Server thread/INFO] [net.minecraft.world.server.ChunkManager/]: ThreadedAnvilChunkStorage (vortex): All chunks are saved
